1635584975699	geckodriver	INFO	Listening on 127.0.0.1:54675
1635584978759	mozrunner::runner	INFO	Running command: "C:\\Program Files\\Firefox Developer Edition\\firefox.exe" "--marionette" "--remote-debugging-port" "54676" "-no-remote" "-profile" "C:\\Users\\Kiki\\AppData\\Local\\Temp\\rust_mozprofileYPjLmY"
1635584979447	Marionette	INFO	Marionette enabled
console.warn: SearchSettings: "get: No settings file exists, new profile?" (new NotFoundError("Could not open the file at C:\\Users\\Kiki\\AppData\\Local\\Temp\\rust_mozprofileYPjLmY\\search.json.mozlz4", (void 0)))
DevTools listening on ws://localhost:54676/devtools/browser/b4230512-9b73-4f16-a03c-20fe62f851c1
1635584984839	Marionette	INFO	Listening on port 54685
1635584985189	RemoteAgent	WARN	TLS certificate errors will be ignored for this session
JavaScript error: , line 0: NS_ERROR_NOT_AVAILABLE
1635595051033	Marionette	INFO	Stopped listening on port 54685
console.warn: TopSitesFeed: Failed to fetch data from Contile server: NetworkError when attempting to fetch resource.
" "-profile" "C:\\Users\\Kiki\\AppData\\Local\\Temp\\rust_mozprofile4EKJpQ"
1635585156535	Marionette	INFO	Marionette enabled
console.warn: SearchSettings: "get: No settings file exists, new profile?" (new NotFoundError("Could not open the file at C:\\Users\\Kiki\\AppData\\Local\\Temp\\rust_mozprofile4EKJpQ\\search.json.mozlz4", (void 0)))
DevTools listening on ws://localhost:59020/devtools/browser/f41e2823-0b06-4553-85e8-dcae98a98d3e
1635585159891	Marionette	INFO	Listening on port 59025
1635585160190	RemoteAgent	WARN	TLS certificate errors will be ignored for this session
JavaScript warning: https://web.whatsapp.com/bootstrap_qr.ccb090b3a46e05558abd.js, line 57: unreachable code after return statement
JavaScript warning: https://web.whatsapp.com/bootstrap_qr.ccb090b3a46e05558abd.js, line 57: unreachable code after return statement
JavaScript error: https://web.whatsapp.com/serviceworker.js, line 1: TypeError: Cache.put: Cache got basic response with bad status 206 while trying to add request https://web.whatsapp.com/sequential-ptt-middle_7fa161964e93db72b8d00ae22189d75f.mp3
JavaScript error: https://web.whatsapp.com/serviceworker.js, line 1: TypeError: Cache.put: Cache got basic response with bad status 206 while trying to add request https://web.whatsapp.com/notification_2a485d84012c106acef03b527bb54635.mp3
JavaScript error: https://web.whatsapp.com/serviceworker.js, line 1: TypeError: Cache.put: Cache got basic response with bad status 206 while trying to add request https://web.whatsapp.com/sequential-ptt-end_62ed28be622237546fd39f9468a76a49.mp3

###!!! [Parent][MessageChannel] Error: (msgtype=0x660008,name=PMessagePort::Msg___delete__) Channel closing: too late to send/recv, messages will be lost


###!!! [Parent][RunMessage] Error: Channel closing: too late to send/recv, messages will be lost


###!!! [Parent][RunMessage] Error: Channel closing: too late to send/recv, messages will be lost


###!!! [Parent][RunMessage] Error: Channel closing: too late to send/recv, messages will be lost


###!!! [Parent][RunMessage] Error: Channel closing: too late to send/recv, messages will be lost


###!!! [Parent][RunMessage] Error: Channel closing: too late to send/recv, messages will be lost


###!!! [Parent][RunMessage] Error: Channel closing: too late to send/recv, messages will be lost


###!!! [Parent][RunMessage] Error: Channel closing: too late to send/recv, messages will be lost


###!!! [Parent][RunMessage] Error: Channel closing: too late to send/recv, messages will be lost


###!!! [Parent][RunMessage] Error: Channel closing: too late to send/recv, messages will be lost


###!!! [Parent][RunMessage] Error: Channel closing: too late to send/recv, messages will be lost

JavaScript warning: https://web.whatsapp.com/bootstrap_qr.ccb090b3a46e05558abd.js, line 57: unreachable code after return statement
JavaScript warning: https://web.whatsapp.com/bootstrap_qr.ccb090b3a46e05558abd.js, line 57: unreachable code after return statement
1635585431405	Marionette	INFO	Stopped listening on port 59025
console.warn: TopSitesFeed: Failed to fetch data from Contile server: NetworkError when attempting to fetch resource.
JavaScript error: chrome://remote/content/marionette/cert.js, line 55: NS_ERROR_NOT_AVAILABLE: Component returned failure code: 0x80040111 (NS_ERROR_NOT_AVAILABLE) [nsICertOverrideService.setDisableAllSecurityChecksAndLetAttackersInterceptMyData]

###!!! [Child][MessageChannel] Error: (msgtype=0x680023,name=PNecko::Msg_RemoveRequestContext) Channel closing: too late to send/recv, messages will be lost

1635587189101	geckodriver	INFO	Listening on 127.0.0.1:59058
1635587192156	mozrunner::runner	INFO	Running command: "C:\\Program Files\\Firefox Developer Edition\\firefox.exe" "--marionette" "--remote-debugging-port" "59059" "-no-remote" "-profile" "C:\\Users\\Kiki\\AppData\\Local\\Temp\\rust_mozprofileTDOlPu"
1635587192709	Marionette	INFO	Marionette enabled
console.warn: SearchSettings: "get: No settings file exists, new profile?" (new NotFoundError("Could not open the file at C:\\Users\\Kiki\\AppData\\Local\\Temp\\rust_mozprofileTDOlPu\\search.json.mozlz4", (void 0)))
DevTools listening on ws://localhost:59059/devtools/browser/36fd0e93-ea9d-45a0-b2e1-5ce15c66a6ee
1635587196783	Marionette	INFO	Listening on port 59064
1635587197030	RemoteAgent	WARN	TLS certificate errors will be ignored for this session
JavaScript warning: https://web.whatsapp.com/bootstrap_qr.ccb090b3a46e05558abd.js, line 57: unreachable code after return statement
JavaScript warning: https://web.whatsapp.com/bootstrap_qr.ccb090b3a46e05558abd.js, line 57: unreachable code after return statement
JavaScript error: https://web.whatsapp.com/serviceworker.js, line 1: TypeError: Cache.put: Cache got basic response with bad status 206 while trying to add request https://web.whatsapp.com/sequential-ptt-middle_7fa161964e93db72b8d00ae22189d75f.mp3
JavaScript error: https://web.whatsapp.com/serviceworker.js, line 1: TypeError: Cache.put: Cache got basic response with bad status 206 while trying to add request https://web.whatsapp.com/sequential-ptt-end_62ed28be622237546fd39f9468a76a49.mp3
JavaScript error: https://web.whatsapp.com/serviceworker.js, line 1: TypeError: Cache.put: Cache got basic response with bad status 206 while trying to add request https://web.whatsapp.com/notification_2a485d84012c106acef03b527bb54635.mp3

###!!! [Parent][RunMessage] Error: Channel closing: too late to send/recv, messages will be lost


###!!! [Parent][RunMessage] Error: Channel closing: too late to send/recv, messages will be lost

JavaScript warning: https://web.whatsapp.com/bootstrap_qr.ccb090b3a46e05558abd.js, line 57: unreachable code after return statement
JavaScript warning: https://web.whatsapp.com/bootstrap_qr.ccb090b3a46e05558abd.js, line 57: unreachable code after return statement

###!!! [Parent][RunMessage] Error: Channel closing: too late to send/recv, messages will be lost


###!!! [Parent][RunMessage] Error: Channel closing: too late to send/recv, messages will be lost


###!!! [Parent][RunMessage] Error: Channel closing: too late to send/recv, messages will be lost


###!!! [Parent][RunMessage] Error: Channel closing: too late to send/recv, messages will be lost


###!!! [Parent][RunMessage] Error: Channel closing: too late to send/recv, messages will be lost


###!!! [Parent][RunMessage] Error: Channel closing: too late to send/recv, messages will be lost


###!!! [Parent][RunMessage] Error: Channel closing: too late to send/recv, messages will be lost


###!!! [Parent][RunMessage] Error: Channel closing: too late to send/recv, messages will be lost


###!!! [Parent][RunMessage] Error: Channel closing: too late to send/recv, messages will be lost

JavaScript warning: https://web.whatsapp.com/bootstrap_qr.ccb090b3a46e05558abd.js, line 57: unreachable code after return statement
JavaScript warning: https://web.whatsapp.com/bootstrap_qr.ccb090b3a46e05558abd.js, line 57: unreachable code after return statement
1635587629016	Marionette	INFO	Stopped listening on port 59064
console.warn: TopSitesFeed: Failed to fetch data from Contile server: NetworkError when attempting to fetch resource.
JavaScript error: chrome://remote/content/marionette/cert.js, line 55: NS_ERROR_NOT_AVAILABLE: Component returned failure code: 0x80040111 (NS_ERROR_NOT_AVAILABLE) [nsICertOverrideService.setDisableAllSecurityChecksAndLetAttackersInterceptMyData]
